2022-09-16 17:33:39,598:logger:Values extracted.
2022-09-16 17:41:48,962:logger:Values extracted.
2022-09-16 17:42:02,375:logger:Rquest successful
2022-09-16 17:42:48,481:logger:Values extracted.
2022-09-16 17:43:03,660:logger:Rquest successful
2022-09-16 17:46:41,742:logger:Values extracted.
2022-09-16 17:46:45,724:logger:Rquest successful
2022-09-16 17:47:19,121:logger:Values extracted.
2022-09-16 17:47:22,893:logger:Rquest successful
2022-09-16 17:58:04,659:logger:Values extracted.
2022-09-16 17:58:08,641:logger:Rquest successful
2022-09-16 17:59:52,336:logger:Values extracted.
2022-09-16 17:59:56,779:logger:Rquest successful
2022-09-16 18:00:35,434:logger:Values extracted.
2022-09-16 18:00:38,353:logger:Rquest successful
2022-09-16 18:01:02,675:logger:Values extracted.
2022-09-16 18:01:09,176:logger:Rquest successful
2022-09-16 18:18:43,082:logger:Values extracted.
2022-09-16 18:18:49,102:logger:Rquest successful
2022-09-16 18:18:55,451:logger:Rquest successful
2022-09-16 18:19:58,574:logger:Values extracted.
2022-09-16 18:20:04,637:logger:Rquest successful
2022-09-16 18:33:42,411:logger:Values extracted.
2022-09-16 18:33:49,085:logger:Rquest successful
2022-09-16 18:34:11,340:logger:Values extracted.
2022-09-16 18:34:17,363:logger:Rquest successful
2022-09-16 18:34:27,019:logger:Values extracted.
2022-09-16 18:34:33,970:logger:Rquest successful
2022-09-16 18:36:23,159:logger:Values extracted.
2022-09-16 18:36:29,354:logger:Rquest successful
2022-09-16 18:36:41,174:logger:Values extracted.
2022-09-16 18:36:47,287:logger:Rquest successful
2022-09-16 18:57:53,297:logger:Values extracted.
2022-09-16 18:58:12,960:logger:Values extracted.
2022-09-16 18:58:28,975:logger:Values extracted.
2022-09-16 18:59:34,606:logger:Values extracted.
2022-09-16 19:00:08,977:logger:Values extracted.
2022-09-16 19:00:39,526:logger:Rquest successful
2022-09-16 19:00:50,026:logger:Values extracted.
2022-09-16 19:00:56,831:logger:Rquest successful
2022-09-16 20:17:35,165:logger:Values extracted.
2022-09-16 20:17:42,688:logger:Rquest successful
2022-09-16 20:44:24,052:logger:Values extracted.
2022-09-16 20:44:31,364:logger:Rquest successful
2022-09-16 20:44:38,943:logger:Rquest successful
2022-09-16 20:44:43,505:logger:Values extracted.
2022-09-16 20:44:46,318:logger:Rquest successful
2022-09-16 20:44:54,257:logger:Rquest successful
2022-09-16 20:45:01,880:logger:Rquest successful
2022-09-16 20:45:07,159:logger:Values extracted.
2022-09-16 20:45:09,353:logger:Rquest successful
2022-09-16 20:45:14,478:logger:Rquest successful
2022-09-16 20:45:16,837:logger:Rquest successful
2022-09-16 21:08:44,424:logger:Values extracted.
2022-09-16 21:08:44,425:logger:Job Description: 10+ years of software engineering work experience. Technical experience in release automation engineering, CI/CD or related roles. Experience building and leading a software organization through product design, delivery and commercialization of consumer electronics devices. Experience recruiting and managing technical teams, including performance management. BS/MS in Computer Science. Experience in leading timeline, multi-partner initiatives. Organizational communication and coordination experience. PREFERRED 5+ years of experience with hands-on technical management, release engineering, tools engineering, DevOps, or related area.
EXPERIENCE: 10+ years,5+ years
SKILLS: software engineering,technical management,release engineering,tools engineering,DevOps
DIPLOMA: BS/MS
DIPLOMA_MAJOR: Computer Science

--
Job Description: Experience with Golang (Go Programming Language) Experience with Agile software development Strong debug skills, effective verbal and written communication skills, team oriented Preferred Tech and Prof Experience Experience with Kubernetes, microservices architecture, and Docker containers Familiarity with the Linux OS GitHub, JIRA , RESTful APIs, Agile tools EO Statement IBM is committed to creating a diverse environment and is proud to be an equal opportunity employer. All qualified applicants will receive consideration for employment without regard to race, color, religion, gender, gender identity or expression, sexual orientation, national origin, genetics, disability, age, or veteran status. IBM is also committed to compliance with all fair employment practices regarding citizenship and immigration status. .

--
Job Description: BS degree in Computer Science or related field. 7+ years C++ experience, including C++11 features and principles. 5+ years experience creating software for real-time environments such as games or robotics. 2+ years experience managing software engineers. Proven track record of software development, including shipping one or more products on large code bases that span platforms and tools. Problem solving and optimization experience. Communication experience and demonstrated experience working across disciplines and teams to drive solutions. PREFERRED Hands-on experience with 3D computer vision algorithms including Calibration, SLAM, Reconstruction, Mapping, Localization, Sensor Fusion, State Estimation and Image Processing Experience with designing (products or open-source/git software) of inertial/optical sensing devices Publication in leading workshops or conferences such as CVPR, ECCV, ICCV, SIGGRAPH, ICCP, RSS, ICRA, etc.
DIPLOMA: BS
DIPLOMA_MAJOR: Computer Science
EXPERIENCE: 7+ years,5+ years,2+ years
SKILLS: C++,C++11,creating software for real-time environments,games,robotics,managing software engineers

--
Job Description: Currently holding a faculty, industry, or government researcher position.\nPh.D. and publications in machine learning, AI, computer science, statistics, applied mathematics, data science, or related technical fields.\nExperience leading a team in solving analytical problems using quantitative approaches.\nExperience manipulating and analyzing data from different sources.\nExperience in theoretical and empirical research and for answering questions with research.\nAbility to communicate research for public audiences of peers.\nKnowledge in a programming language.\nAbility to obtain and maintain work authorization in the country of employment in 2018.\n\nPREFERRED \n1+ year(s) of work experience in a university, industry, or government lab(s), in a role with primary emphasis on AI research.\nExperience driving original scholarship in collaboration with a team.\nFirst-author publications at peer-reviewed AI conferences (e.g. NIPS, CVPR, ICML, ICLR, ICCV, and ACL).\nExperience in developing and debugging in C/C++, Python, C# and/or Java.
2022-09-16 21:09:07,053:logger:Values extracted.
2022-09-16 21:09:07,053:logger:Job Description: 10+ years of software engineering work experience. Technical experience in release automation engineering, CI/CD or related roles. Experience building and leading a software organization through product design, delivery and commercialization of consumer electronics devices. Experience recruiting and managing technical teams, including performance management. BS/MS in Computer Science. Experience in leading timeline, multi-partner initiatives. Organizational communication and coordination experience. PREFERRED 5+ years of experience with hands-on technical management, release engineering, tools engineering, DevOps, or related area.
EXPERIENCE: 10+ years,5+ years
SKILLS: software engineering,technical management,release engineering,tools engineering,DevOps
DIPLOMA: BS/MS
DIPLOMA_MAJOR: Computer Science

--
Job Description: Experience with Golang (Go Programming Language) Experience with Agile software development Strong debug skills, effective verbal and written communication skills, team oriented Preferred Tech and Prof Experience Experience with Kubernetes, microservices architecture, and Docker containers Familiarity with the Linux OS GitHub, JIRA , RESTful APIs, Agile tools EO Statement IBM is committed to creating a diverse environment and is proud to be an equal opportunity employer. All qualified applicants will receive consideration for employment without regard to race, color, religion, gender, gender identity or expression, sexual orientation, national origin, genetics, disability, age, or veteran status. IBM is also committed to compliance with all fair employment practices regarding citizenship and immigration status. .

--
Job Description: BS degree in Computer Science or related field. 7+ years C++ experience, including C++11 features and principles. 5+ years experience creating software for real-time environments such as games or robotics. 2+ years experience managing software engineers. Proven track record of software development, including shipping one or more products on large code bases that span platforms and tools. Problem solving and optimization experience. Communication experience and demonstrated experience working across disciplines and teams to drive solutions. PREFERRED Hands-on experience with 3D computer vision algorithms including Calibration, SLAM, Reconstruction, Mapping, Localization, Sensor Fusion, State Estimation and Image Processing Experience with designing (products or open-source/git software) of inertial/optical sensing devices Publication in leading workshops or conferences such as CVPR, ECCV, ICCV, SIGGRAPH, ICCP, RSS, ICRA, etc.
DIPLOMA: BS
DIPLOMA_MAJOR: Computer Science
EXPERIENCE: 7+ years,5+ years,2+ years
SKILLS: C++,C++11,creating software for real-time environments,games,robotics,managing software engineers

--
Job Description: Currently holding a faculty, industry, or government researcher position.\nPh.D. and publications in machine learning, AI, computer science, statistics, applied mathematics, data science, or related technical fields.\nExperience leading a team in solving analytical problems using quantitative approaches.\nExperience manipulating and analyzing data from different sources.\nExperience in theoretical and empirical research and for answering questions with research.\nAbility to communicate research for public audiences of peers.\nKnowledge in a programming language.\nAbility to obtain and maintain work authorization in the country of employment in 2018.\n\nPREFERRED \n1+ year(s) of work experience in a university, industry, or government lab(s), in a role with primary emphasis on AI research.\nExperience driving original scholarship in collaboration with a team.\nFirst-author publications at peer-reviewed AI conferences (e.g. NIPS, CVPR, ICML, ICLR, ICCV, and ACL).\nExperience in developing and debugging in C/C++, Python, C# and/or Java.
2022-09-16 21:10:24,663:logger:Values extracted.
2022-09-16 21:10:24,663:logger:Job Description: 10+ years of software engineering work experience. Technical experience in release automation engineering, CI/CD or related roles. Experience building and leading a software organization through product design, delivery and commercialization of consumer electronics devices. Experience recruiting and managing technical teams, including performance management. BS/MS in Computer Science. Experience in leading timeline, multi-partner initiatives. Organizational communication and coordination experience. PREFERRED 5+ years of experience with hands-on technical management, release engineering, tools engineering, DevOps, or related area.
EXPERIENCE: 10+ years,5+ years
SKILLS: software engineering,technical management,release engineering,tools engineering,DevOps
DIPLOMA: BS/MS
DIPLOMA_MAJOR: Computer Science

--
Job Description: Experience with Golang (Go Programming Language) Experience with Agile software development Strong debug skills, effective verbal and written communication skills, team oriented Preferred Tech and Prof Experience Experience with Kubernetes, microservices architecture, and Docker containers Familiarity with the Linux OS GitHub, JIRA , RESTful APIs, Agile tools EO Statement IBM is committed to creating a diverse environment and is proud to be an equal opportunity employer. All qualified applicants will receive consideration for employment without regard to race, color, religion, gender, gender identity or expression, sexual orientation, national origin, genetics, disability, age, or veteran status. IBM is also committed to compliance with all fair employment practices regarding citizenship and immigration status. .

--
Job Description: BS degree in Computer Science or related field. 7+ years C++ experience, including C++11 features and principles. 5+ years experience creating software for real-time environments such as games or robotics. 2+ years experience managing software engineers. Proven track record of software development, including shipping one or more products on large code bases that span platforms and tools. Problem solving and optimization experience. Communication experience and demonstrated experience working across disciplines and teams to drive solutions. PREFERRED Hands-on experience with 3D computer vision algorithms including Calibration, SLAM, Reconstruction, Mapping, Localization, Sensor Fusion, State Estimation and Image Processing Experience with designing (products or open-source/git software) of inertial/optical sensing devices Publication in leading workshops or conferences such as CVPR, ECCV, ICCV, SIGGRAPH, ICCP, RSS, ICRA, etc.
DIPLOMA: BS
DIPLOMA_MAJOR: Computer Science
EXPERIENCE: 7+ years,5+ years,2+ years
SKILLS: C++,C++11,creating software for real-time environments,games,robotics,managing software engineers

--
Job Description: Currently holding a faculty, industry, or government researcher position.\nPh.D. and publications in machine learning, AI, computer science, statistics, applied mathematics, data science, or related technical fields.\nExperience leading a team in solving analytical problems using quantitative approaches.\nExperience manipulating and analyzing data from different sources.\nExperience in theoretical and empirical research and for answering questions with research.\nAbility to communicate research for public audiences of peers.\nKnowledge in a programming language.\nAbility to obtain and maintain work authorization in the country of employment in 2018.\n\nPREFERRED \n1+ year(s) of work experience in a university, industry, or government lab(s), in a role with primary emphasis on AI research.\nExperience driving original scholarship in collaboration with a team.\nFirst-author publications at peer-reviewed AI conferences (e.g. NIPS, CVPR, ICML, ICLR, ICCV, and ACL).\nExperience in developing and debugging in C/C++, Python, C# and/or Java.
2022-09-16 21:10:38,236:logger:Rquest successful
2022-09-16 21:30:55,460:logger:Values extracted.
2022-09-16 21:30:55,460:logger:Job Description: 10+ years of software engineering work experience. Technical experience in release automation engineering, CI/CD or related roles. Experience building and leading a software organization through product design, delivery and commercialization of consumer electronics devices. Experience recruiting and managing technical teams, including performance management. BS/MS in Computer Science. Experience in leading timeline, multi-partner initiatives. Organizational communication and coordination experience. PREFERRED 5+ years of experience with hands-on technical management, release engineering, tools engineering, DevOps, or related area.
EXPERIENCE: 10+ years,5+ years
SKILLS: software engineering,technical management,release engineering,tools engineering,DevOps
DIPLOMA: BS/MS
DIPLOMA_MAJOR: Computer Science

--
Job Description: Experience with Golang (Go Programming Language) Experience with Agile software development Strong debug skills, effective verbal and written communication skills, team oriented Preferred Tech and Prof Experience Experience with Kubernetes, microservices architecture, and Docker containers Familiarity with the Linux OS GitHub, JIRA , RESTful APIs, Agile tools EO Statement IBM is committed to creating a diverse environment and is proud to be an equal opportunity employer. All qualified applicants will receive consideration for employment without regard to race, color, religion, gender, gender identity or expression, sexual orientation, national origin, genetics, disability, age, or veteran status. IBM is also committed to compliance with all fair employment practices regarding citizenship and immigration status. .

--
Job Description: Currently holding a faculty, industry, or government researcher position.\nPh.D. and publications in machine learning, AI, computer science, statistics, applied mathematics, data science, or related technical fields.\nExperience leading a team in solving analytical problems using quantitative approaches.\nExperience manipulating and analyzing data from different sources.\nExperience in theoretical and empirical research and for answering questions with research.\nAbility to communicate research for public audiences of peers.\nKnowledge in a programming language.\nAbility to obtain and maintain work authorization in the country of employment in 2018.\n\nPREFERRED \n1+ year(s) of work experience in a university, industry, or government lab(s), in a role with primary emphasis on AI research.\nExperience driving original scholarship in collaboration with a team.\nFirst-author publications at peer-reviewed AI conferences (e.g. NIPS, CVPR, ICML, ICLR, ICCV, and ACL).\nExperience in developing and debugging in C/C++, Python, C# and/or Java.
2022-09-16 21:31:03,861:logger:Rquest successful
2022-09-16 21:31:03,861:logger:Job Description: 10+ years of software engineering work experience. Technical experience in release automation engineering, CI/CD or related roles. Experience building and leading a software organization through product design, delivery and commercialization of consumer electronics devices. Experience recruiting and managing technical teams, including performance management. BS/MS in Computer Science. Experience in leading timeline, multi-partner initiatives. Organizational communication and coordination experience. PREFERRED 5+ years of experience with hands-on technical management, release engineering, tools engineering, DevOps, or related area.
EXPERIENCE: 10+ years,5+ years
SKILLS: software engineering,technical management,release engineering,tools engineering,DevOps
DIPLOMA: BS/MS
DIPLOMA_MAJOR: Computer Science

--
Job Description: Experience with Golang (Go Programming Language) Experience with Agile software development Strong debug skills, effective verbal and written communication skills, team oriented Preferred Tech and Prof Experience Experience with Kubernetes, microservices architecture, and Docker containers Familiarity with the Linux OS GitHub, JIRA , RESTful APIs, Agile tools EO Statement IBM is committed to creating a diverse environment and is proud to be an equal opportunity employer. All qualified applicants will receive consideration for employment without regard to race, color, religion, gender, gender identity or expression, sexual orientation, national origin, genetics, disability, age, or veteran status. IBM is also committed to compliance with all fair employment practices regarding citizenship and immigration status. .

--
Job Description: Currently holding a faculty, industry, or government researcher position.\nPh.D. and publications in machine learning, AI, computer science, statistics, applied mathematics, data science, or related technical fields.\nExperience leading a team in solving analytical problems using quantitative approaches.\nExperience manipulating and analyzing data from different sources.\nExperience in theoretical and empirical research and for answering questions with research.\nAbility to communicate research for public audiences of peers.\nKnowledge in a programming language.\nAbility to obtain and maintain work authorization in the country of employment in 2018.\n\nPREFERRED \n1+ year(s) of work experience in a university, industry, or government lab(s), in a role with primary emphasis on AI research.\nExperience driving original scholarship in collaboration with a team.\nFirst-author publications at peer-reviewed AI conferences (e.g. NIPS, CVPR, ICML, ICLR, ICCV, and ACL).\nExperience in developing and debugging in C/C++, Python, C# and/or Java.
2022-09-16 21:31:11,868:logger:Rquest successful
2022-09-16 21:31:11,868:logger:Job Description: 10+ years of software engineering work experience. Technical experience in release automation engineering, CI/CD or related roles. Experience building and leading a software organization through product design, delivery and commercialization of consumer electronics devices. Experience recruiting and managing technical teams, including performance management. BS/MS in Computer Science. Experience in leading timeline, multi-partner initiatives. Organizational communication and coordination experience. PREFERRED 5+ years of experience with hands-on technical management, release engineering, tools engineering, DevOps, or related area.
EXPERIENCE: 10+ years,5+ years
SKILLS: software engineering,technical management,release engineering,tools engineering,DevOps
DIPLOMA: BS/MS
DIPLOMA_MAJOR: Computer Science

--
Job Description: Experience with Golang (Go Programming Language) Experience with Agile software development Strong debug skills, effective verbal and written communication skills, team oriented Preferred Tech and Prof Experience Experience with Kubernetes, microservices architecture, and Docker containers Familiarity with the Linux OS GitHub, JIRA , RESTful APIs, Agile tools EO Statement IBM is committed to creating a diverse environment and is proud to be an equal opportunity employer. All qualified applicants will receive consideration for employment without regard to race, color, religion, gender, gender identity or expression, sexual orientation, national origin, genetics, disability, age, or veteran status. IBM is also committed to compliance with all fair employment practices regarding citizenship and immigration status. .

--
Job Description: Currently holding a faculty, industry, or government researcher position.\nPh.D. and publications in machine learning, AI, computer science, statistics, applied mathematics, data science, or related technical fields.\nExperience leading a team in solving analytical problems using quantitative approaches.\nExperience manipulating and analyzing data from different sources.\nExperience in theoretical and empirical research and for answering questions with research.\nAbility to communicate research for public audiences of peers.\nKnowledge in a programming language.\nAbility to obtain and maintain work authorization in the country of employment in 2018.\n\nPREFERRED \n1+ year(s) of work experience in a university, industry, or government lab(s), in a role with primary emphasis on AI research.\nExperience driving original scholarship in collaboration with a team.\nFirst-author publications at peer-reviewed AI conferences (e.g. NIPS, CVPR, ICML, ICLR, ICCV, and ACL).\nExperience in developing and debugging in C/C++, Python, C# and/or Java.
2022-09-16 21:31:26,661:logger:Rquest successful
2022-09-16 21:31:26,662:logger:Job Description: 10+ years of software engineering work experience. Technical experience in release automation engineering, CI/CD or related roles. Experience building and leading a software organization through product design, delivery and commercialization of consumer electronics devices. Experience recruiting and managing technical teams, including performance management. BS/MS in Computer Science. Experience in leading timeline, multi-partner initiatives. Organizational communication and coordination experience. PREFERRED 5+ years of experience with hands-on technical management, release engineering, tools engineering, DevOps, or related area.
EXPERIENCE: 10+ years,5+ years
SKILLS: software engineering,technical management,release engineering,tools engineering,DevOps
DIPLOMA: BS/MS
DIPLOMA_MAJOR: Computer Science

--
Job Description: Experience with Golang (Go Programming Language) Experience with Agile software development Strong debug skills, effective verbal and written communication skills, team oriented Preferred Tech and Prof Experience Experience with Kubernetes, microservices architecture, and Docker containers Familiarity with the Linux OS GitHub, JIRA , RESTful APIs, Agile tools EO Statement IBM is committed to creating a diverse environment and is proud to be an equal opportunity employer. All qualified applicants will receive consideration for employment without regard to race, color, religion, gender, gender identity or expression, sexual orientation, national origin, genetics, disability, age, or veteran status. IBM is also committed to compliance with all fair employment practices regarding citizenship and immigration status. .

--
Job Description: Currently holding a faculty, industry, or government researcher position.\nPh.D. and publications in machine learning, AI, computer science, statistics, applied mathematics, data science, or related technical fields.\nExperience leading a team in solving analytical problems using quantitative approaches.\nExperience manipulating and analyzing data from different sources.\nExperience in theoretical and empirical research and for answering questions with research.\nAbility to communicate research for public audiences of peers.\nKnowledge in a programming language.\nAbility to obtain and maintain work authorization in the country of employment in 2018.\n\nPREFERRED \n1+ year(s) of work experience in a university, industry, or government lab(s), in a role with primary emphasis on AI research.\nExperience driving original scholarship in collaboration with a team.\nFirst-author publications at peer-reviewed AI conferences (e.g. NIPS, CVPR, ICML, ICLR, ICCV, and ACL).\nExperience in developing and debugging in C/C++, Python, C# and/or Java.
2022-09-16 21:31:31,207:logger:Rquest successful
2022-09-16 21:33:42,098:logger:Values extracted.
2022-09-16 21:33:42,099:logger:Job Description: 10+ years of software engineering work experience. Technical experience in release automation engineering, CI/CD or related roles. Experience building and leading a software organization through product design, delivery and commercialization of consumer electronics devices. Experience recruiting and managing technical teams, including performance management. BS/MS in Computer Science. Experience in leading timeline, multi-partner initiatives. Organizational communication and coordination experience. PREFERRED 5+ years of experience with hands-on technical management, release engineering, tools engineering, DevOps, or related area.
EXPERIENCE: 10+ years,5+ years
SKILLS: software engineering,technical management,release engineering,tools engineering,DevOps
DIPLOMA: BS/MS
DIPLOMA_MAJOR: Computer Science

--
Job Description: Experience with Golang (Go Programming Language) Experience with Agile software development Strong debug skills, effective verbal and written communication skills, team oriented Preferred Tech and Prof Experience Experience with Kubernetes, microservices architecture, and Docker containers Familiarity with the Linux OS GitHub, JIRA , RESTful APIs, Agile tools EO Statement IBM is committed to creating a diverse environment and is proud to be an equal opportunity employer. All qualified applicants will receive consideration for employment without regard to race, color, religion, gender, gender identity or expression, sexual orientation, national origin, genetics, disability, age, or veteran status. IBM is also committed to compliance with all fair employment practices regarding citizenship and immigration status. .

--
Job Description: Currently holding a faculty, industry, or government researcher position.\nPh.D. and publications in machine learning, AI, computer science, statistics, applied mathematics, data science, or related technical fields.\nExperience leading a team in solving analytical problems using quantitative approaches.\nExperience manipulating and analyzing data from different sources.\nExperience in theoretical and empirical research and for answering questions with research.\nAbility to communicate research for public audiences of peers.\nKnowledge in a programming language.\nAbility to obtain and maintain work authorization in the country of employment in 2018.\n\nPREFERRED \n1+ year(s) of work experience in a university, industry, or government lab(s), in a role with primary emphasis on AI research.\nExperience driving original scholarship in collaboration with a team.\nFirst-author publications at peer-reviewed AI conferences (e.g. NIPS, CVPR, ICML, ICLR, ICCV, and ACL).\nExperience in developing and debugging in C/C++, Python, C# and/or Java.
2022-09-16 21:33:49,248:logger:Rquest successful
2022-09-16 21:33:49,250:logger:Job Description: 10+ years of software engineering work experience. Technical experience in release automation engineering, CI/CD or related roles. Experience building and leading a software organization through product design, delivery and commercialization of consumer electronics devices. Experience recruiting and managing technical teams, including performance management. BS/MS in Computer Science. Experience in leading timeline, multi-partner initiatives. Organizational communication and coordination experience. PREFERRED 5+ years of experience with hands-on technical management, release engineering, tools engineering, DevOps, or related area.
EXPERIENCE: 10+ years,5+ years
SKILLS: software engineering,technical management,release engineering,tools engineering,DevOps
DIPLOMA: BS/MS
DIPLOMA_MAJOR: Computer Science

--
Job Description: Experience with Golang (Go Programming Language) Experience with Agile software development Strong debug skills, effective verbal and written communication skills, team oriented Preferred Tech and Prof Experience Experience with Kubernetes, microservices architecture, and Docker containers Familiarity with the Linux OS GitHub, JIRA , RESTful APIs, Agile tools EO Statement IBM is committed to creating a diverse environment and is proud to be an equal opportunity employer. All qualified applicants will receive consideration for employment without regard to race, color, religion, gender, gender identity or expression, sexual orientation, national origin, genetics, disability, age, or veteran status. IBM is also committed to compliance with all fair employment practices regarding citizenship and immigration status. .

--
Job Description: Currently holding a faculty, industry, or government researcher position.\nPh.D. and publications in machine learning, AI, computer science, statistics, applied mathematics, data science, or related technical fields.\nExperience leading a team in solving analytical problems using quantitative approaches.\nExperience manipulating and analyzing data from different sources.\nExperience in theoretical and empirical research and for answering questions with research.\nAbility to communicate research for public audiences of peers.\nKnowledge in a programming language.\nAbility to obtain and maintain work authorization in the country of employment in 2018.\n\nPREFERRED \n1+ year(s) of work experience in a university, industry, or government lab(s), in a role with primary emphasis on AI research.\nExperience driving original scholarship in collaboration with a team.\nFirst-author publications at peer-reviewed AI conferences (e.g. NIPS, CVPR, ICML, ICLR, ICCV, and ACL).\nExperience in developing and debugging in C/C++, Python, C# and/or Java.
2022-09-16 21:33:57,826:logger:Rquest successful
2022-09-16 21:33:57,828:logger:Job Description: 10+ years of software engineering work experience. Technical experience in release automation engineering, CI/CD or related roles. Experience building and leading a software organization through product design, delivery and commercialization of consumer electronics devices. Experience recruiting and managing technical teams, including performance management. BS/MS in Computer Science. Experience in leading timeline, multi-partner initiatives. Organizational communication and coordination experience. PREFERRED 5+ years of experience with hands-on technical management, release engineering, tools engineering, DevOps, or related area.
EXPERIENCE: 10+ years,5+ years
SKILLS: software engineering,technical management,release engineering,tools engineering,DevOps
DIPLOMA: BS/MS
DIPLOMA_MAJOR: Computer Science

--
Job Description: Experience with Golang (Go Programming Language) Experience with Agile software development Strong debug skills, effective verbal and written communication skills, team oriented Preferred Tech and Prof Experience Experience with Kubernetes, microservices architecture, and Docker containers Familiarity with the Linux OS GitHub, JIRA , RESTful APIs, Agile tools EO Statement IBM is committed to creating a diverse environment and is proud to be an equal opportunity employer. All qualified applicants will receive consideration for employment without regard to race, color, religion, gender, gender identity or expression, sexual orientation, national origin, genetics, disability, age, or veteran status. IBM is also committed to compliance with all fair employment practices regarding citizenship and immigration status. .

--
Job Description: Currently holding a faculty, industry, or government researcher position.\nPh.D. and publications in machine learning, AI, computer science, statistics, applied mathematics, data science, or related technical fields.\nExperience leading a team in solving analytical problems using quantitative approaches.\nExperience manipulating and analyzing data from different sources.\nExperience in theoretical and empirical research and for answering questions with research.\nAbility to communicate research for public audiences of peers.\nKnowledge in a programming language.\nAbility to obtain and maintain work authorization in the country of employment in 2018.\n\nPREFERRED \n1+ year(s) of work experience in a university, industry, or government lab(s), in a role with primary emphasis on AI research.\nExperience driving original scholarship in collaboration with a team.\nFirst-author publications at peer-reviewed AI conferences (e.g. NIPS, CVPR, ICML, ICLR, ICCV, and ACL).\nExperience in developing and debugging in C/C++, Python, C# and/or Java.
2022-09-16 21:34:03,303:logger:Rquest successful
2022-09-16 21:34:03,303:logger:Job Description: 10+ years of software engineering work experience. Technical experience in release automation engineering, CI/CD or related roles. Experience building and leading a software organization through product design, delivery and commercialization of consumer electronics devices. Experience recruiting and managing technical teams, including performance management. BS/MS in Computer Science. Experience in leading timeline, multi-partner initiatives. Organizational communication and coordination experience. PREFERRED 5+ years of experience with hands-on technical management, release engineering, tools engineering, DevOps, or related area.
EXPERIENCE: 10+ years,5+ years
SKILLS: software engineering,technical management,release engineering,tools engineering,DevOps
DIPLOMA: BS/MS
DIPLOMA_MAJOR: Computer Science

--
Job Description: Experience with Golang (Go Programming Language) Experience with Agile software development Strong debug skills, effective verbal and written communication skills, team oriented Preferred Tech and Prof Experience Experience with Kubernetes, microservices architecture, and Docker containers Familiarity with the Linux OS GitHub, JIRA , RESTful APIs, Agile tools EO Statement IBM is committed to creating a diverse environment and is proud to be an equal opportunity employer. All qualified applicants will receive consideration for employment without regard to race, color, religion, gender, gender identity or expression, sexual orientation, national origin, genetics, disability, age, or veteran status. IBM is also committed to compliance with all fair employment practices regarding citizenship and immigration status. .

--
Job Description: Currently holding a faculty, industry, or government researcher position.\nPh.D. and publications in machine learning, AI, computer science, statistics, applied mathematics, data science, or related technical fields.\nExperience leading a team in solving analytical problems using quantitative approaches.\nExperience manipulating and analyzing data from different sources.\nExperience in theoretical and empirical research and for answering questions with research.\nAbility to communicate research for public audiences of peers.\nKnowledge in a programming language.\nAbility to obtain and maintain work authorization in the country of employment in 2018.\n\nPREFERRED \n1+ year(s) of work experience in a university, industry, or government lab(s), in a role with primary emphasis on AI research.\nExperience driving original scholarship in collaboration with a team.\nFirst-author publications at peer-reviewed AI conferences (e.g. NIPS, CVPR, ICML, ICLR, ICCV, and ACL).\nExperience in developing and debugging in C/C++, Python, C# and/or Java.
2022-09-16 21:34:18,023:logger:Rquest successful
2022-09-16 21:34:45,600:logger:Values extracted.
2022-09-16 21:34:45,600:logger:Job Description: 10+ years of software engineering work experience. Technical experience in release automation engineering, CI/CD or related roles. Experience building and leading a software organization through product design, delivery and commercialization of consumer electronics devices. Experience recruiting and managing technical teams, including performance management. BS/MS in Computer Science. Experience in leading timeline, multi-partner initiatives. Organizational communication and coordination experience. PREFERRED 5+ years of experience with hands-on technical management, release engineering, tools engineering, DevOps, or related area.
EXPERIENCE: 10+ years,5+ years
SKILLS: software engineering,technical management,release engineering,tools engineering,DevOps
DIPLOMA: BS/MS
DIPLOMA_MAJOR: Computer Science

--
Job Description: Experience with Golang (Go Programming Language) Experience with Agile software development Strong debug skills, effective verbal and written communication skills, team oriented Preferred Tech and Prof Experience Experience with Kubernetes, microservices architecture, and Docker containers Familiarity with the Linux OS GitHub, JIRA , RESTful APIs, Agile tools EO Statement IBM is committed to creating a diverse environment and is proud to be an equal opportunity employer. All qualified applicants will receive consideration for employment without regard to race, color, religion, gender, gender identity or expression, sexual orientation, national origin, genetics, disability, age, or veteran status. IBM is also committed to compliance with all fair employment practices regarding citizenship and immigration status. .

--
Job Description: BS degree in Computer Science or related field. 7+ years C++ experience, including C++11 features and principles. 5+ years experience creating software for real-time environments such as games or robotics. 2+ years experience managing software engineers. Proven track record of software development, including shipping one or more products on large code bases that span platforms and tools. Problem solving and optimization experience. Communication experience and demonstrated experience working across disciplines and teams to drive solutions. PREFERRED Hands-on experience with 3D computer vision algorithms including Calibration, SLAM, Reconstruction, Mapping, Localization, Sensor Fusion, State Estimation and Image Processing Experience with designing (products or open-source/git software) of inertial/optical sensing devices Publication in leading workshops or conferences such as CVPR, ECCV, ICCV, SIGGRAPH, ICCP, RSS, ICRA, etc.
DIPLOMA: BS
DIPLOMA_MAJOR: Computer Science
EXPERIENCE: 7+ years,5+ years,2+ years
SKILLS: C++,C++11,creating software for real-time environments,games,robotics,managing software engineers

--
Job Description: Currently holding a faculty, industry, or government researcher position.\nPh.D. and publications in machine learning, AI, computer science, statistics, applied mathematics, data science, or related technical fields.\nExperience leading a team in solving analytical problems using quantitative approaches.\nExperience manipulating and analyzing data from different sources.\nExperience in theoretical and empirical research and for answering questions with research.\nAbility to communicate research for public audiences of peers.\nKnowledge in a programming language.\nAbility to obtain and maintain work authorization in the country of employment in 2018.\n\nPREFERRED \n1+ year(s) of work experience in a university, industry, or government lab(s), in a role with primary emphasis on AI research.\nExperience driving original scholarship in collaboration with a team.\nFirst-author publications at peer-reviewed AI conferences (e.g. NIPS, CVPR, ICML, ICLR, ICCV, and ACL).\nExperience in developing and debugging in C/C++, Python, C# and/or Java.
2022-09-16 21:34:49,974:logger:Rquest successful
2022-09-16 21:35:02,406:logger:Values extracted.
2022-09-16 21:35:02,406:logger:Job Description: 10+ years of software engineering work experience. Technical experience in release automation engineering, CI/CD or related roles. Experience building and leading a software organization through product design, delivery and commercialization of consumer electronics devices. Experience recruiting and managing technical teams, including performance management. BS/MS in Computer Science. Experience in leading timeline, multi-partner initiatives. Organizational communication and coordination experience. PREFERRED 5+ years of experience with hands-on technical management, release engineering, tools engineering, DevOps, or related area.
EXPERIENCE: 10+ years,5+ years
SKILLS: software engineering,technical management,release engineering,tools engineering,DevOps
DIPLOMA: BS/MS
DIPLOMA_MAJOR: Computer Science

--
Job Description: Experience with Golang (Go Programming Language) Experience with Agile software development Strong debug skills, effective verbal and written communication skills, team oriented Preferred Tech and Prof Experience Experience with Kubernetes, microservices architecture, and Docker containers Familiarity with the Linux OS GitHub, JIRA , RESTful APIs, Agile tools EO Statement IBM is committed to creating a diverse environment and is proud to be an equal opportunity employer. All qualified applicants will receive consideration for employment without regard to race, color, religion, gender, gender identity or expression, sexual orientation, national origin, genetics, disability, age, or veteran status. IBM is also committed to compliance with all fair employment practices regarding citizenship and immigration status. .

--
Job Description: BS degree in Computer Science or related field. 7+ years C++ experience, including C++11 features and principles. 5+ years experience creating software for real-time environments such as games or robotics. 2+ years experience managing software engineers. Proven track record of software development, including shipping one or more products on large code bases that span platforms and tools. Problem solving and optimization experience. Communication experience and demonstrated experience working across disciplines and teams to drive solutions. PREFERRED Hands-on experience with 3D computer vision algorithms including Calibration, SLAM, Reconstruction, Mapping, Localization, Sensor Fusion, State Estimation and Image Processing Experience with designing (products or open-source/git software) of inertial/optical sensing devices Publication in leading workshops or conferences such as CVPR, ECCV, ICCV, SIGGRAPH, ICCP, RSS, ICRA, etc.
DIPLOMA: BS
DIPLOMA_MAJOR: Computer Science
EXPERIENCE: 7+ years,5+ years,2+ years
SKILLS: C++,C++11,creating software for real-time environments,games,robotics,managing software engineers

--
Job Description: Currently holding a faculty, industry, or government researcher position.\nPh.D. and publications in machine learning, AI, computer science, statistics, applied mathematics, data science, or related technical fields.\nExperience leading a team in solving analytical problems using quantitative approaches.\nExperience manipulating and analyzing data from different sources.\nExperience in theoretical and empirical research and for answering questions with research.\nAbility to communicate research for public audiences of peers.\nKnowledge in a programming language.\nAbility to obtain and maintain work authorization in the country of employment in 2018.\n\nPREFERRED \n1+ year(s) of work experience in a university, industry, or government lab(s), in a role with primary emphasis on AI research.\nExperience driving original scholarship in collaboration with a team.\nFirst-author publications at peer-reviewed AI conferences (e.g. NIPS, CVPR, ICML, ICLR, ICCV, and ACL).\nExperience in developing and debugging in C/C++, Python, C# and/or Java.
2022-09-16 21:35:13,503:logger:Rquest successful
2022-09-19 04:21:18,270:logger:Values extracted.
2022-09-19 04:21:22,884:logger:Rquest successful
2022-09-19 04:21:27,407:logger:Rquest successful
2022-09-19 04:21:33,984:logger:Values extracted.
2022-09-19 04:21:39,698:logger:Rquest successful
2022-09-19 04:22:06,532:logger:Values extracted.
2022-09-19 04:22:11,806:logger:Rquest successful
2022-09-19 04:22:16,209:logger:Rquest successful
2022-09-19 04:22:20,472:logger:Values extracted.
2022-09-19 04:22:25,673:logger:Rquest successful
2022-09-19 04:23:04,191:logger:Values extracted.
2022-09-19 04:23:08,540:logger:Rquest successful
2022-09-19 04:23:17,528:logger:Values extracted.
2022-09-19 04:23:23,128:logger:Rquest successful
2022-09-19 04:23:27,740:logger:Rquest successful
2022-09-19 04:24:44,226:logger:Values extracted.
2022-09-19 04:24:48,798:logger:Rquest successful
2022-09-19 04:25:20,764:logger:Values extracted.
2022-09-19 04:25:25,112:logger:Rquest successful
2022-09-19 04:25:30,341:logger:Rquest successful
2022-09-19 04:27:27,981:logger:Values extracted.
2022-09-19 04:27:32,344:logger:Rquest successful
2022-09-19 04:27:53,289:logger:Values extracted.
2022-09-19 04:27:57,645:logger:Rquest successful
2022-09-19 04:28:03,448:logger:Values extracted.
2022-09-19 04:28:07,810:logger:Rquest successful
2022-09-19 04:28:12,987:logger:Rquest successful
2022-09-19 04:31:28,255:logger:Values extracted.
2022-09-19 04:31:32,656:logger:Rquest successful
2022-09-19 04:32:06,988:logger:Values extracted.
2022-09-19 04:32:12,170:logger:Rquest successful
2022-09-19 04:32:16,718:logger:Rquest successful
2022-09-19 04:32:20,990:logger:Values extracted.
2022-09-19 04:32:26,232:logger:Rquest successful
2022-09-19 04:32:51,854:logger:Values extracted.
2022-09-19 04:32:57,100:logger:Rquest successful
2022-09-19 04:33:23,257:logger:Values extracted.
2022-09-19 04:33:27,637:logger:Rquest successful
2022-09-19 04:35:33,766:logger:Values extracted.
2022-09-19 04:35:38,968:logger:Rquest successful
2022-09-19 04:36:01,668:logger:Values extracted.
2022-09-19 04:36:06,116:logger:Rquest successful
2022-09-19 04:36:10,715:logger:Rquest successful
2022-09-19 04:37:33,249:logger:Values extracted.
2022-09-19 04:37:37,636:logger:Rquest successful
2022-09-19 04:42:08,980:logger:Values extracted.
2022-09-19 04:42:13,366:logger:Rquest successful
