2022-09-13 18:19:08,732:logger:the JSON object must be str, bytes or bytearray, not TextIOWrapper
2022-09-13 18:20:09,691:logger:the JSON object must be str, bytes or bytearray, not list
2022-09-13 18:21:19,784:logger:../data/job_description_train.json with version jdtrain_v1 Loaded
2022-09-13 18:24:48,750:logger:../data/job_description_test.json with version jdtest_v1 Loaded
2022-09-13 18:53:46,508:logger:../data/job_description_train.json with version jdtrain_v1 Loaded
2022-09-13 18:53:46,637:logger:../data/job_description_test.json with version jdtest_v1 Loaded
2022-09-13 18:54:16,774:logger:list indices must be integers or slices, not str
2022-09-13 18:56:47,737:logger:list indices must be integers or slices, not str
2022-09-13 18:57:00,346:logger:list indices must be integers or slices, not str
2022-09-13 18:59:13,476:logger:../data/job_description_train.json with version jdtrain_v1 Loaded
2022-09-13 18:59:14,128:logger:../data/job_description_test.json with version jdtest_v1 Loaded
2022-09-13 19:10:29,851:logger:list indices must be integers or slices, not str
2022-09-13 19:11:28,113:logger:list indices must be integers or slices, not str
2022-09-13 19:18:45,989:logger:../data/job_description_train.json with version jdtrain_v1 Loaded
2022-09-13 19:18:46,140:logger:../data/job_description_test.json with version jdtest_v1 Loaded
2022-09-13 19:19:25,348:logger:'relations'
2022-09-13 19:19:25,350:logger:'relations'
2022-09-13 19:19:25,351:logger:'relations'
2022-09-13 19:19:25,351:logger:'relations'
2022-09-13 19:19:25,352:logger:'relations'
2022-09-13 19:19:25,353:logger:'relations'
2022-09-13 19:19:25,354:logger:'relations'
2022-09-13 19:19:25,355:logger:'relations'
2022-09-13 19:19:25,356:logger:'relations'
2022-09-13 19:19:25,357:logger:'relations'
2022-09-13 19:19:25,358:logger:'relations'
2022-09-13 19:19:25,359:logger:'relations'
2022-09-13 19:19:25,359:logger:'relations'
2022-09-13 19:19:25,360:logger:'relations'
2022-09-13 19:19:25,361:logger:'relations'
2022-09-13 19:19:25,362:logger:'relations'
2022-09-13 19:19:25,362:logger:'relations'
2022-09-13 19:19:25,363:logger:'relations'
2022-09-13 19:19:25,364:logger:'relations'
2022-09-13 19:19:25,366:logger:'relations'
2022-09-13 19:19:25,367:logger:'relations'
2022-09-13 19:19:25,368:logger:'relations'
2022-09-13 19:21:35,745:logger:../data/job_description_train.json with version jdtrain_v1 Loaded
2022-09-13 19:21:35,845:logger:../data/job_description_test.json with version jdtest_v1 Loaded
2022-09-13 19:24:26,701:logger:../data/job_description_train.json with version jdtrain_v1 Loaded
2022-09-13 19:24:26,823:logger:../data/job_description_test.json with version jdtest_v1 Loaded
2022-09-13 19:24:29,003:logger:Cleaned Irrelevant key:value pairs in tokens.
2022-09-13 19:31:33,902:logger:../data/job_description_train_cleaned.json with version jdtrain_v1_cleaned Loaded
2022-09-13 19:34:36,807:logger:Cleaned Irrelevant key:value pairs in tokens.
2022-09-13 19:37:39,908:logger:../data/job_description_test_cleaned.json with version jdtest_v1_cleaned Loaded
2022-09-14 05:33:38,962:logger:../data/job_description_train_cleaned.json with version jdtrain_v1_cleaned Loaded
2022-09-14 05:34:05,480:logger:../data/job_description_test_cleaned.json with version jdtest_v1_cleaned Loaded
2022-09-14 05:43:10,621:logger:../data/job_description_train_cleaned.json with version jdtrain_v1_cleaned Loaded
2022-09-14 05:43:12,152:logger:../data/job_description_test_cleaned.json with version jdtest_v1_cleaned Loaded
2022-09-14 06:24:23,792:logger:../data/job_description_train_cleaned.json with version jdtrain_v1_cleaned Loaded
2022-09-14 06:24:24,031:logger:../data/job_description_test_cleaned.json with version jdtest_v1_cleaned Loaded
2022-09-14 08:07:19,622:logger:../data/job_description_train_cleaned.json with version jdtrain_v1_cleaned Loaded
2022-09-14 08:07:19,855:logger:../data/job_description_test_cleaned.json with version jdtest_v1_cleaned Loaded
2022-09-14 08:08:59,658:logger:'text'
2022-09-14 08:09:52,425:logger:../data/job_description_train_cleaned.json with version jdtrain_v1_cleaned Loaded
2022-09-14 08:09:52,527:logger:../data/job_description_test_cleaned.json with version jdtest_v1_cleaned Loaded
2022-09-14 08:09:53,932:logger:'dict' object has no attribute 'iteritems'
2022-09-14 08:11:47,126:logger:../data/job_description_train_cleaned.json with version jdtrain_v1_cleaned Loaded
2022-09-14 08:11:47,295:logger:../data/job_description_test_cleaned.json with version jdtest_v1_cleaned Loaded
2022-09-14 08:11:49,156:logger:'dict' object has no attribute 'iteritems'
2022-09-14 08:12:24,837:logger:../data/job_description_train_cleaned.json with version jdtrain_v1_cleaned Loaded
2022-09-14 08:12:24,994:logger:../data/job_description_test_cleaned.json with version jdtest_v1_cleaned Loaded
2022-09-14 08:12:26,743:logger:Values extracted.
2022-09-14 08:14:54,477:logger:../data/job_description_train_cleaned.json with version jdtrain_v1_cleaned Loaded
2022-09-14 08:14:55,807:logger:../data/job_description_test_cleaned.json with version jdtest_v1_cleaned Loaded
2022-09-14 08:14:57,232:logger:Values extracted.
2022-09-14 08:16:45,531:logger:../data/job_description_train_cleaned.json with version jdtrain_v1_cleaned Loaded
2022-09-14 08:16:45,633:logger:../data/job_description_test_cleaned.json with version jdtest_v1_cleaned Loaded
2022-09-14 08:16:46,989:logger:Values extracted.
2022-09-14 08:19:38,576:logger:../data/job_description_train_cleaned.json with version jdtrain_v1_cleaned Loaded
2022-09-14 08:19:38,656:logger:../data/job_description_test_cleaned.json with version jdtest_v1_cleaned Loaded
2022-09-14 08:19:40,516:logger:Values extracted.
2022-09-14 17:21:25,263:logger:Values extracted.
2022-09-14 17:31:30,327:logger:../data/job_description_train_cleaned.json with version jdtrain_v1_cleaned Loaded
2022-09-14 17:31:30,610:logger:../data/job_description_test_cleaned.json with version jdtest_v1_cleaned Loaded
2022-09-14 17:31:34,507:logger:Values extracted.
2022-09-14 17:33:21,258:logger:../data/job_description_train_cleaned.json with version jdtrain_v1_cleaned Loaded
2022-09-14 17:33:21,367:logger:../data/job_description_test_cleaned.json with version jdtest_v1_cleaned Loaded
2022-09-14 17:33:24,870:logger:Values extracted.
2022-09-14 18:17:14,912:logger:Values extracted.
2022-09-14 18:19:57,406:logger:../data/job_description_train_cleaned.json with version jdtrain_v1_cleaned Loaded
2022-09-14 18:19:57,472:logger:../data/job_description_test_cleaned.json with version jdtest_v1_cleaned Loaded
2022-09-14 18:20:43,868:logger:Values extracted.
2022-09-14 18:21:13,614:logger:Tokens converted to Dict
2022-09-14 18:27:33,027:logger:Values extracted.
2022-09-14 18:27:40,799:logger:Tokens converted to Dict
2022-09-14 18:28:01,745:logger:Values extracted.
2022-09-14 18:30:35,824:logger:../data/job_description_train_cleaned.json with version jdtrain_v1_cleaned Loaded
2022-09-14 18:30:35,897:logger:../data/job_description_test_cleaned.json with version jdtest_v1_cleaned Loaded
2022-09-14 18:30:37,947:logger:Values extracted.
2022-09-14 18:30:38,243:logger:Tokens converted to Dict
2022-09-14 18:33:04,177:logger:Values extracted.
2022-09-14 18:37:19,602:logger:../data/job_description_train_cleaned.json with version jdtrain_v1_cleaned Loaded
2022-09-14 18:37:19,665:logger:../data/job_description_test_cleaned.json with version jdtest_v1_cleaned Loaded
2022-09-14 18:37:21,037:logger:Values extracted.
2022-09-14 18:37:21,309:logger:Tokens converted to Dict
2022-09-14 18:37:35,924:logger:Rquest successful
2022-09-14 18:41:34,437:logger:Rquest successful
2022-09-14 18:42:23,085:logger:Values extracted.
2022-09-14 18:43:11,048:logger:Values extracted.
2022-09-14 18:43:25,362:logger:Values extracted.
2022-09-14 18:45:13,219:logger:Rquest successful
2022-09-14 18:45:36,624:logger:Rquest successful
2022-09-14 18:48:37,264:logger:Values extracted.
2022-09-14 18:48:44,763:logger:Tokens converted to Dict
2022-09-14 18:49:18,902:logger:Rquest successful
2022-09-14 18:54:46,082:logger:Rquest successful
2022-09-14 18:56:15,305:logger:Tokens converted to Dict
2022-09-14 18:56:38,742:logger:Rquest successful
2022-09-14 18:59:20,540:logger:Rquest successful
2022-09-14 19:00:33,917:logger:Rquest successful
2022-09-14 19:02:38,901:logger:Tokens converted to Dict
2022-09-14 19:12:01,122:logger:Rquest successful
2022-09-14 19:13:09,549:logger:Plotted result
2022-09-14 19:18:30,029:logger:Rquest successful
2022-09-14 19:20:20,930:logger:Rquest successful
2022-09-14 19:21:46,433:logger:Rquest successful
2022-09-14 19:22:19,510:logger:Rquest successful
2022-09-14 19:22:53,590:logger:Values extracted.
2022-09-14 19:23:18,553:logger:Values extracted.
2022-09-14 19:23:34,341:logger:too many tokens: total number of tokens (prompt and prediction) cannot exceed 2048 - received 5319. Try using a shorter prompt or a smaller max_tokens value.
2022-09-14 19:24:15,954:logger:Values extracted.
2022-09-14 19:24:38,691:logger:too many tokens: total number of tokens (prompt and prediction) cannot exceed 2048 - received 2229. Try using a shorter prompt or a smaller max_tokens value.
2022-09-14 19:25:33,307:logger:Values extracted.
2022-09-14 19:26:06,936:logger:Rquest successful
2022-09-14 19:26:40,427:logger:Rquest successful
2022-09-14 19:27:20,197:logger:Rquest successful
2022-09-14 19:29:49,232:logger:Values extracted.
2022-09-14 19:30:22,841:logger:Values extracted.
2022-09-14 20:09:21,293:logger:Values extracted.
2022-09-14 20:10:01,104:logger:Rquest successful
2022-09-14 20:10:42,249:logger:Rquest successful
2022-09-14 20:11:05,361:logger:Rquest successful
2022-09-14 20:11:31,690:logger:Rquest successful
2022-09-14 20:11:54,530:logger:Rquest successful
2022-09-14 20:12:13,761:logger:Rquest successful
2022-09-14 20:27:08,147:logger:Values extracted.
2022-09-14 20:35:02,293:logger:Values extracted.
2022-09-17 16:45:11,178:logger:../data/job_description_train_cleaned.json with version jdtrain_v1_cleaned Loaded
2022-09-17 16:45:16,084:logger:../data/job_description_test_cleaned.json with version jdtest_v1_cleaned Loaded
2022-09-17 16:48:27,041:logger:Values extracted.
2022-09-17 16:48:31,415:logger:Rquest successful
2022-09-17 16:49:02,556:logger:Values extracted.
2022-09-17 16:49:07,078:logger:Rquest successful
2022-09-17 16:49:10,070:logger:Values extracted.
2022-09-17 16:49:14,667:logger:Rquest successful
2022-09-17 16:50:40,097:logger:../data/job_description_train_cleaned.json with version jdtrain_v1_cleaned Loaded
2022-09-17 16:50:42,029:logger:../data/job_description_test_cleaned.json with version jdtest_v1_cleaned Loaded
2022-09-17 16:50:51,828:logger:Values extracted.
2022-09-17 16:50:56,239:logger:Rquest successful
2022-09-17 16:52:51,656:logger:../data/job_description_train_cleaned.json with version jdtrain_v1_cleaned Loaded
2022-09-17 16:53:10,386:logger:../data/job_description_test_cleaned.json with version jdtest_v1_cleaned Loaded
2022-09-17 16:53:22,534:logger:Values extracted.
2022-09-17 16:53:26,865:logger:Rquest successful
2022-09-17 16:54:26,924:logger:../data/job_description_train_cleaned.json with version jdtrain_v1_cleaned Loaded
2022-09-17 16:54:30,227:logger:../data/job_description_test_cleaned.json with version jdtest_v1_cleaned Loaded
2022-09-17 16:54:41,335:logger:Values extracted.
2022-09-17 16:54:45,641:logger:Rquest successful
2022-09-17 17:11:57,818:logger:../data/job_description_train_cleaned.json with version jdtrain_v1_cleaned Loaded
2022-09-17 17:12:01,185:logger:../data/job_description_test_cleaned.json with version jdtest_v1_cleaned Loaded
2022-09-17 17:18:19,485:logger:../data/job_description_train_cleaned.json with version jdtrain_v1_cleaned Loaded
2022-09-17 17:18:19,671:logger:../data/job_description_test_cleaned.json with version jdtest_v1_cleaned Loaded
2022-09-17 17:19:32,871:logger:../data/job_description_train_cleaned.json with version jdtrain_v1_cleaned Loaded
2022-09-17 17:19:32,960:logger:../data/job_description_test_cleaned.json with version jdtest_v1_cleaned Loaded
2022-09-17 17:20:01,224:logger:Values extracted.
2022-09-17 17:20:05,811:logger:Rquest successful
2022-09-17 17:24:25,824:logger:Values extracted.
2022-09-17 17:24:30,277:logger:Rquest successful
2022-09-17 17:26:31,096:logger:../data/job_description_train_cleaned.json with version jdtrain_v1_cleaned Loaded
2022-09-17 17:26:31,215:logger:../data/job_description_test_cleaned.json with version jdtest_v1_cleaned Loaded
2022-09-17 17:26:53,786:logger:Values extracted.
2022-09-17 17:26:59,028:logger:Rquest successful
2022-09-17 17:27:01,793:logger:Values extracted.
2022-09-17 17:27:08,224:logger:Rquest successful
2022-09-17 17:27:13,138:logger:Rquest successful
2022-09-17 17:27:21,774:logger:Values extracted.
2022-09-17 17:27:26,451:logger:Rquest successful
2022-09-17 17:27:31,288:logger:Rquest successful
2022-09-17 17:27:36,349:logger:Rquest successful
2022-09-17 17:27:40,889:logger:Rquest successful
2022-09-17 17:29:11,534:logger:../data/job_description_train_cleaned.json with version jdtrain_v1_cleaned Loaded
2022-09-17 17:29:14,645:logger:../data/job_description_test_cleaned.json with version jdtest_v1_cleaned Loaded
2022-09-17 17:29:26,962:logger:Values extracted.
2022-09-17 17:29:31,586:logger:Rquest successful
2022-09-17 17:29:34,083:logger:Values extracted.
2022-09-17 17:29:38,546:logger:Rquest successful
2022-09-17 17:31:31,821:logger:Values extracted.
2022-09-17 17:31:37,232:logger:Rquest successful
2022-09-17 17:32:00,747:logger:Values extracted.
2022-09-17 17:32:05,623:logger:Rquest successful
2022-09-17 17:32:12,078:logger:Rquest successful
2022-09-17 17:32:16,657:logger:Rquest successful
2022-09-17 17:32:21,168:logger:Rquest successful
2022-09-17 17:32:44,499:logger:Values extracted.
2022-09-17 17:32:50,016:logger:Rquest successful
2022-09-17 17:32:54,748:logger:Rquest successful
2022-09-17 17:33:00,073:logger:Rquest successful
